*——*——*——*——*——*——Begin——*——*——*——*——*——*
记录时间：2019-01-22 16:03:50,372
线程ID：10
日志等级：ERROR
日志类型：V.NetCore.Infrastructure.GlobalExceptionFilter
Error
*——*——*——*——*——*——E n d——*——*——*——*——*——*
System.InvalidOperationException: An exception occurred while reading a database value for property 'DepartmentRole.Id'. The expected type was 'System.String' but the actual value was of type 'System.Guid'. ---> System.InvalidCastException: Unable to cast object of type 'System.Guid' to type 'System.String'.
   at System.Data.SqlClient.SqlBuffer.get_String()
   at System.Data.SqlClient.SqlDataReader.GetString(Int32 i)
   at lambda_method(Closure , DbDataReader )
   --- End of inner exception stack trace ---
   at Microsoft.EntityFrameworkCore.Metadata.Internal.EntityMaterializerSource.ThrowReadValueException[TValue](Exception exception, Object value, IPropertyBase property)
   at lambda_method(Closure , DbDataReader )
   at Microsoft.EntityFrameworkCore.Storage.Internal.TypedRelationalValueBufferFactory.Create(DbDataReader dataReader)
   at Microsoft.EntityFrameworkCore.Query.Internal.QueryingEnumerable`1.Enumerator.BufferlessMoveNext(DbContext _, Boolean buffer)
   at Microsoft.EntityFrameworkCore.SqlServer.Storage.Internal.SqlServerExecutionStrategy.Execute[TState,TResult](TState state, Func`3 operation, Func`3 verifySucceeded)
   at Microsoft.EntityFrameworkCore.Query.Internal.QueryingEnumerable`1.Enumerator.MoveNext()
   at Microsoft.EntityFrameworkCore.Query.Internal.LinqOperatorProvider._TrackEntities[TOut,TIn](IEnumerable`1 results, QueryContext queryContext, IList`1 entityTrackingInfos, IList`1 entityAccessors)+MoveNext()
   at Microsoft.EntityFrameworkCore.Query.Internal.LinqOperatorProvider.ExceptionInterceptor`1.EnumeratorExceptionInterceptor.MoveNext()
   at System.Collections.Generic.List`1.AddEnumerable(IEnumerable`1 enumerable)
   at System.Linq.Enumerable.ToList[TSource](IEnumerable`1 source)
   at V.NetCore.App.UserManagerApp.Load(QueryUserListReq request) in C:\Users\v\Desktop\新建文件夹 (2)\NetCore\Website\V.NetCore.App\UserManagerApp.cs:line 143
   at V.NetCore.Api.Controllers.UsersController.Load(QueryUserListReq request) in C:\Users\v\Desktop\新建文件夹 (2)\NetCore\Website\V.NetCore.Api\Controllers\UsersController.cs:line 128
   at lambda_method(Closure , Object , Object[] )
   at Microsoft.Extensions.Internal.ObjectMethodExecutor.Execute(Object target, Object[] parameters)
   at Microsoft.AspNetCore.Mvc.Internal.ActionMethodExecutor.SyncObjectResultExecutor.Execute(IActionResultTypeMapper mapper, ObjectMethodExecutor executor, Object controller, Object[] arguments)
   at Microsoft.AspNetCore.Mvc.Internal.ControllerActionInvoker.InvokeActionMethodAsync()
   at Microsoft.AspNetCore.Mvc.Internal.ControllerActionInvoker.InvokeNextActionFilterAsync()
   at Microsoft.AspNetCore.Mvc.Internal.ControllerActionInvoker.Rethrow(ActionExecutedContext context)
   at Microsoft.AspNetCore.Mvc.Internal.ControllerActionInvoker.Next(State& next, Scope& scope, Object& state, Boolean& isCompleted)
   at Microsoft.AspNetCore.Mvc.Internal.ControllerActionInvoker.InvokeInnerFilterAsync()
   at Microsoft.AspNetCore.Mvc.Internal.ResourceInvoker.InvokeNextExceptionFilterAsync()
