*——*——*——*——*——*——Begin——*——*——*——*——*——*
记录时间：2018-11-29 16:23:50,772
线程ID：10
日志等级：ERROR
日志类型：V.NetCore.Infrastructure.GlobalExceptionFilter
Error
*——*——*——*——*——*——E n d——*——*——*——*——*——*
Autofac.Core.DependencyResolutionException: An error occurred during the activation of a particular registration. See the inner exception for details. Registration: Activator = UsersController (ReflectionActivator), Services = [V.NetCore.Api.Controllers.UsersController], Lifetime = Autofac.Core.Lifetime.CurrentScopeLifetime, Sharing = None, Ownership = OwnedByLifetimeScope ---> An error occurred during the activation of a particular registration. See the inner exception for details. Registration: Activator = UserManagerApp (ReflectionActivator), Services = [V.NetCore.App.UserManagerApp], Lifetime = Autofac.Core.Lifetime.CurrentScopeLifetime, Sharing = None, Ownership = OwnedByLifetimeScope ---> An error occurred during the activation of a particular registration. See the inner exception for details. Registration: Activator = UnitWork (ReflectionActivator), Services = [V.NetCore.Repository.Interface.IUnitWork], Lifetime = Autofac.Core.Lifetime.CurrentScopeLifetime, Sharing = Shared, Ownership = OwnedByLifetimeScope ---> An error occurred during the activation of a particular registration. See the inner exception for details. Registration: Activator = VDbContext (ReflectionActivator), Services = [V.NetCore.Repository.VDbContext], Lifetime = Autofac.Core.Lifetime.CurrentScopeLifetime, Sharing = Shared, Ownership = OwnedByLifetimeScope ---> An error occurred during the activation of a particular registration. See the inner exception for details. Registration: Activator = DbContextOptions`1 (DelegateActivator), Services = [Microsoft.EntityFrameworkCore.DbContextOptions`1[[V.NetCore.Repository.VDbContext, V.NetCore.Repository, Version=1.0.0.0, Culture=neutral, PublicKeyToken=null]]], Lifetime = Autofac.Core.Lifetime.CurrentScopeLifetime, Sharing = Shared, Ownership = OwnedByLifetimeScope ---> Value cannot be null.
Parameter name: connectionString (See inner exception for details.) (See inner exception for details.) (See inner exception for details.) (See inner exception for details.) (See inner exception for details.) ---> Autofac.Core.DependencyResolutionException: An error occurred during the activation of a particular registration. See the inner exception for details. Registration: Activator = UserManagerApp (ReflectionActivator), Services = [V.NetCore.App.UserManagerApp], Lifetime = Autofac.Core.Lifetime.CurrentScopeLifetime, Sharing = None, Ownership = OwnedByLifetimeScope ---> An error occurred during the activation of a particular registration. See the inner exception for details. Registration: Activator = UnitWork (ReflectionActivator), Services = [V.NetCore.Repository.Interface.IUnitWork], Lifetime = Autofac.Core.Lifetime.CurrentScopeLifetime, Sharing = Shared, Ownership = OwnedByLifetimeScope ---> An error occurred during the activation of a particular registration. See the inner exception for details. Registration: Activator = VDbContext (ReflectionActivator), Services = [V.NetCore.Repository.VDbContext], Lifetime = Autofac.Core.Lifetime.CurrentScopeLifetime, Sharing = Shared, Ownership = OwnedByLifetimeScope ---> An error occurred during the activation of a particular registration. See the inner exception for details. Registration: Activator = DbContextOptions`1 (DelegateActivator), Services = [Microsoft.EntityFrameworkCore.DbContextOptions`1[[V.NetCore.Repository.VDbContext, V.NetCore.Repository, Version=1.0.0.0, Culture=neutral, PublicKeyToken=null]]], Lifetime = Autofac.Core.Lifetime.CurrentScopeLifetime, Sharing = Shared, Ownership = OwnedByLifetimeScope ---> Value cannot be null.
Parameter name: connectionString (See inner exception for details.) (See inner exception for details.) (See inner exception for details.) (See inner exception for details.) ---> Autofac.Core.DependencyResolutionException: An error occurred during the activation of a particular registration. See the inner exception for details. Registration: Activator = UnitWork (ReflectionActivator), Services = [V.NetCore.Repository.Interface.IUnitWork], Lifetime = Autofac.Core.Lifetime.CurrentScopeLifetime, Sharing = Shared, Ownership = OwnedByLifetimeScope ---> An error occurred during the activation of a particular registration. See the inner exception for details. Registration: Activator = VDbContext (ReflectionActivator), Services = [V.NetCore.Repository.VDbContext], Lifetime = Autofac.Core.Lifetime.CurrentScopeLifetime, Sharing = Shared, Ownership = OwnedByLifetimeScope ---> An error occurred during the activation of a particular registration. See the inner exception for details. Registration: Activator = DbContextOptions`1 (DelegateActivator), Services = [Microsoft.EntityFrameworkCore.DbContextOptions`1[[V.NetCore.Repository.VDbContext, V.NetCore.Repository, Version=1.0.0.0, Culture=neutral, PublicKeyToken=null]]], Lifetime = Autofac.Core.Lifetime.CurrentScopeLifetime, Sharing = Shared, Ownership = OwnedByLifetimeScope ---> Value cannot be null.
Parameter name: connectionString (See inner exception for details.) (See inner exception for details.) (See inner exception for details.) ---> Autofac.Core.DependencyResolutionException: An error occurred during the activation of a particular registration. See the inner exception for details. Registration: Activator = VDbContext (ReflectionActivator), Services = [V.NetCore.Repository.VDbContext], Lifetime = Autofac.Core.Lifetime.CurrentScopeLifetime, Sharing = Shared, Ownership = OwnedByLifetimeScope ---> An error occurred during the activation of a particular registration. See the inner exception for details. Registration: Activator = DbContextOptions`1 (DelegateActivator), Services = [Microsoft.EntityFrameworkCore.DbContextOptions`1[[V.NetCore.Repository.VDbContext, V.NetCore.Repository, Version=1.0.0.0, Culture=neutral, PublicKeyToken=null]]], Lifetime = Autofac.Core.Lifetime.CurrentScopeLifetime, Sharing = Shared, Ownership = OwnedByLifetimeScope ---> Value cannot be null.
Parameter name: connectionString (See inner exception for details.) (See inner exception for details.) ---> Autofac.Core.DependencyResolutionException: An error occurred during the activation of a particular registration. See the inner exception for details. Registration: Activator = DbContextOptions`1 (DelegateActivator), Services = [Microsoft.EntityFrameworkCore.DbContextOptions`1[[V.NetCore.Repository.VDbContext, V.NetCore.Repository, Version=1.0.0.0, Culture=neutral, PublicKeyToken=null]]], Lifetime = Autofac.Core.Lifetime.CurrentScopeLifetime, Sharing = Shared, Ownership = OwnedByLifetimeScope ---> Value cannot be null.
Parameter name: connectionString (See inner exception for details.) ---> System.ArgumentNullException: Value cannot be null.
Parameter name: connectionString
   at Microsoft.EntityFrameworkCore.Utilities.Check.NotEmpty(String value, String parameterName)
   at Microsoft.EntityFrameworkCore.SqlServerDbContextOptionsExtensions.UseSqlServer(DbContextOptionsBuilder optionsBuilder, String connectionString, Action`1 sqlServerOptionsAction)
   at V.NetCore.Api.Startup.<ConfigureServices>b__8_1(DbContextOptionsBuilder options) in C:\Users\v\source\repos\V.NetCore\V.NetCore.Api\Startup.cs:line 45
   at Microsoft.Extensions.DependencyInjection.EntityFrameworkServiceCollectionExtensions.<>c__DisplayClass1_0`2.<AddDbContext>b__0(IServiceProvider p, DbContextOptionsBuilder b)
   at Microsoft.Extensions.DependencyInjection.EntityFrameworkServiceCollectionExtensions.DbContextOptionsFactory[TContext](IServiceProvider applicationServiceProvider, Action`2 optionsAction)
   at Microsoft.Extensions.DependencyInjection.EntityFrameworkServiceCollectionExtensions.<>c__DisplayClass10_0`1.<AddCoreServices>b__0(IServiceProvider p)
   at Autofac.Core.Activators.Delegate.DelegateActivator.ActivateInstance(IComponentContext context, IEnumerable`1 parameters)
   at Autofac.Core.Resolving.InstanceLookup.Activate(IEnumerable`1 parameters)
   --- End of inner exception stack trace ---
   at Autofac.Core.Resolving.InstanceLookup.Activate(IEnumerable`1 parameters)
   at Autofac.Core.Lifetime.LifetimeScope.GetOrCreateAndShare(Guid id, Func`1 creator)
   at Autofac.Core.Resolving.InstanceLookup.Execute()
   at Autofac.Core.Resolving.ResolveOperation.GetOrCreateInstance(ISharingLifetimeScope currentOperationScope, IComponentRegistration registration, IEnumerable`1 parameters)
   at Autofac.Core.Activators.Reflection.ConstructorParameterBinding.Instantiate()
   at Autofac.Core.Activators.Reflection.ReflectionActivator.ActivateInstance(IComponentContext context, IEnumerable`1 parameters)
   at Autofac.Core.Resolving.InstanceLookup.Activate(IEnumerable`1 parameters)
   --- End of inner exception stack trace ---
   at Autofac.Core.Resolving.InstanceLookup.Activate(IEnumerable`1 parameters)
   at Autofac.Core.Lifetime.LifetimeScope.GetOrCreateAndShare(Guid id, Func`1 creator)
   at Autofac.Core.Resolving.InstanceLookup.Execute()
   at Autofac.Core.Resolving.ResolveOperation.GetOrCreateInstance(ISharingLifetimeScope currentOperationScope, IComponentRegistration registration, IEnumerable`1 parameters)
   at Autofac.Core.Activators.Reflection.ConstructorParameterBinding.Instantiate()
   at Autofac.Core.Activators.Reflection.ReflectionActivator.ActivateInstance(IComponentContext context, IEnumerable`1 parameters)
   at Autofac.Core.Resolving.InstanceLookup.Activate(IEnumerable`1 parameters)
   --- End of inner exception stack trace ---
   at Autofac.Core.Resolving.InstanceLookup.Activate(IEnumerable`1 parameters)
   at Autofac.Core.Lifetime.LifetimeScope.GetOrCreateAndShare(Guid id, Func`1 creator)
   at Autofac.Core.Resolving.InstanceLookup.Execute()
   at Autofac.Core.Resolving.ResolveOperation.GetOrCreateInstance(ISharingLifetimeScope currentOperationScope, IComponentRegistration registration, IEnumerable`1 parameters)
   at Autofac.Core.Activators.Reflection.ConstructorParameterBinding.Instantiate()
   at Autofac.Core.Activators.Reflection.ReflectionActivator.ActivateInstance(IComponentContext context, IEnumerable`1 parameters)
   at Autofac.Core.Resolving.InstanceLookup.Activate(IEnumerable`1 parameters)
   --- End of inner exception stack trace ---
   at Autofac.Core.Resolving.InstanceLookup.Activate(IEnumerable`1 parameters)
   at Autofac.Core.Resolving.InstanceLookup.Execute()
   at Autofac.Core.Resolving.ResolveOperation.GetOrCreateInstance(ISharingLifetimeScope currentOperationScope, IComponentRegistration registration, IEnumerable`1 parameters)
   at Autofac.Core.Activators.Reflection.ConstructorParameterBinding.Instantiate()
   at Autofac.Core.Activators.Reflection.ReflectionActivator.ActivateInstance(IComponentContext context, IEnumerable`1 parameters)
   at Autofac.Core.Resolving.InstanceLookup.Activate(IEnumerable`1 parameters)
   --- End of inner exception stack trace ---
   at Autofac.Core.Resolving.InstanceLookup.Activate(IEnumerable`1 parameters)
   at Autofac.Core.Resolving.InstanceLookup.Execute()
   at Autofac.Core.Resolving.ResolveOperation.GetOrCreateInstance(ISharingLifetimeScope currentOperationScope, IComponentRegistration registration, IEnumerable`1 parameters)
   at Autofac.Core.Resolving.ResolveOperation.Execute(IComponentRegistration registration, IEnumerable`1 parameters)
   at Autofac.ResolutionExtensions.TryResolveService(IComponentContext context, Service service, IEnumerable`1 parameters, Object& instance)
   at Autofac.ResolutionExtensions.ResolveService(IComponentContext context, Service service, IEnumerable`1 parameters)
   at Microsoft.Extensions.DependencyInjection.ServiceProviderServiceExtensions.GetRequiredService(IServiceProvider provider, Type serviceType)
   at Microsoft.AspNetCore.Mvc.Controllers.ServiceBasedControllerActivator.Create(ControllerContext actionContext)
   at Microsoft.AspNetCore.Mvc.Controllers.ControllerFactoryProvider.<>c__DisplayClass5_0.<CreateControllerFactory>g__CreateController|0(ControllerContext controllerContext)
   at Microsoft.AspNetCore.Mvc.Internal.ControllerActionInvoker.Next(State& next, Scope& scope, Object& state, Boolean& isCompleted)
   at Microsoft.AspNetCore.Mvc.Internal.ControllerActionInvoker.InvokeInnerFilterAsync()
   at Microsoft.AspNetCore.Mvc.Internal.ResourceInvoker.InvokeNextExceptionFilterAsync()
