*——*——*——*——*——*——Begin——*——*——*——*——*——*
记录时间：2019-10-26 23:26:43,044
线程ID：35
日志等级：ERROR
日志类型：V.NetCore.Infrastructure.GlobalExceptionFilter
Error
*——*——*——*——*——*——E n d——*——*——*——*——*——*
System.Data.SqlClient.SqlException (0x80131904): 列名 'IsDel' 无效。
列名 'IsDel' 无效。
列名 'IsDel' 无效。
列名 'IsDel' 无效。
 
createTime DESC
DECLARE @SortColumnBegin varchar(50) SET ROWCOUNT 1 Select @SortColumnBegin=createTime FROM  WorkOrderManagements Where IsDel=0  ORDER BY createTime DESC SET ROWCOUNT 20 Select (row_number() over(order by createTime DESC)+1-1) as Rownum,Id,Name,Title,Content,ParentId,FeedbackTime,FeedbackUserId,FeedbackUserName,Priority,UserId,UserName,DepartmentId,DepartmentName,Type,Origin,Sort,CreateTime,UpdateTime,IsDel FROM  WorkOrderManagements Where IsDel=0 AND createTime <= @SortColumnBegin  ORDER BY createTime DESC
   at System.Data.SqlClient.SqlConnection.OnError(SqlException exception, Boolean breakConnection, Action`1 wrapCloseInAction)
   at System.Data.SqlClient.SqlInternalConnection.OnError(SqlException exception, Boolean breakConnection, Action`1 wrapCloseInAction)
   at System.Data.SqlClient.TdsParser.ThrowExceptionAndWarning(TdsParserStateObject stateObj, Boolean callerHasConnectionLock, Boolean asyncClose)
   at System.Data.SqlClient.TdsParser.TryRun(RunBehavior runBehavior, SqlCommand cmdHandler, SqlDataReader dataStream, BulkCopySimpleResultSet bulkCopyHandler, TdsParserStateObject stateObj, Boolean& dataReady)
   at System.Data.SqlClient.SqlDataReader.TryConsumeMetaData()
   at System.Data.SqlClient.SqlDataReader.get_MetaData()
   at System.Data.SqlClient.SqlCommand.FinishExecuteReader(SqlDataReader ds, RunBehavior runBehavior, String resetOptionsString)
   at System.Data.SqlClient.SqlCommand.RunExecuteReaderTds(CommandBehavior cmdBehavior, RunBehavior runBehavior, Boolean returnStream, Boolean async, Int32 timeout, Task& task, Boolean asyncWrite, SqlDataReader ds)
   at System.Data.SqlClient.SqlCommand.RunExecuteReader(CommandBehavior cmdBehavior, RunBehavior runBehavior, Boolean returnStream, TaskCompletionSource`1 completion, Int32 timeout, Task& task, Boolean asyncWrite, String method)
   at System.Data.SqlClient.SqlCommand.ExecuteReader(CommandBehavior behavior)
   at System.Data.SqlClient.SqlCommand.ExecuteDbDataReader(CommandBehavior behavior)
   at System.Data.Common.DbCommand.ExecuteReader()
   at Microsoft.EntityFrameworkCore.Storage.Internal.RelationalCommand.Execute(IRelationalConnection connection, DbCommandMethod executeMethod, IReadOnlyDictionary`2 parameterValues)
   at Microsoft.EntityFrameworkCore.Storage.Internal.RelationalCommand.ExecuteReader(IRelationalConnection connection, IReadOnlyDictionary`2 parameterValues)
   at Microsoft.EntityFrameworkCore.Query.Internal.QueryingEnumerable`1.Enumerator.BufferlessMoveNext(DbContext _, Boolean buffer)
   at Microsoft.EntityFrameworkCore.SqlServer.Storage.Internal.SqlServerExecutionStrategy.Execute[TState,TResult](TState state, Func`3 operation, Func`3 verifySucceeded)
   at Microsoft.EntityFrameworkCore.Query.Internal.QueryingEnumerable`1.Enumerator.MoveNext()
   at Microsoft.EntityFrameworkCore.Query.Internal.LinqOperatorProvider._TrackEntities[TOut,TIn](IEnumerable`1 results, QueryContext queryContext, IList`1 entityTrackingInfos, IList`1 entityAccessors)+MoveNext()
   at Microsoft.EntityFrameworkCore.Query.Internal.LinqOperatorProvider.ExceptionInterceptor`1.EnumeratorExceptionInterceptor.MoveNext()
   at System.Collections.Generic.List`1.AddEnumerable(IEnumerable`1 enumerable)
   at System.Linq.Enumerable.ToList[TSource](IEnumerable`1 source)
   at V.NetCore.App.ManagerApp.WorkOrderManagement.WorkOrderManagementManagerApp.Load(QueryWorkOrderManagementListReq request) in D:\Workspace\公司内部netCore+VUE\NetCore\Website\V.NetCore.App\ManagerApp\WorkOrderManagement\WorkOrderManagementManagerApp.cs:line 77
   at V.NetCore.Api.Controllers.WorkOrderManagement.WorkOrderManagementsController.Load(QueryWorkOrderManagementListReq request) in D:\Workspace\公司内部netCore+VUE\NetCore\Website\V.NetCore.Api\Controllers\WorkOrderManagement\WorkOrderManagementsController.cs:line 91
   at lambda_method(Closure , Object , Object[] )
   at Microsoft.Extensions.Internal.ObjectMethodExecutor.Execute(Object target, Object[] parameters)
   at Microsoft.AspNetCore.Mvc.Internal.ActionMethodExecutor.SyncObjectResultExecutor.Execute(IActionResultTypeMapper mapper, ObjectMethodExecutor executor, Object controller, Object[] arguments)
   at Microsoft.AspNetCore.Mvc.Internal.ControllerActionInvoker.InvokeActionMethodAsync()
   at Microsoft.AspNetCore.Mvc.Internal.ControllerActionInvoker.InvokeNextActionFilterAsync()
   at Microsoft.AspNetCore.Mvc.Internal.ControllerActionInvoker.Rethrow(ActionExecutedContext context)
   at Microsoft.AspNetCore.Mvc.Internal.ControllerActionInvoker.Next(State& next, Scope& scope, Object& state, Boolean& isCompleted)
   at Microsoft.AspNetCore.Mvc.Internal.ControllerActionInvoker.InvokeInnerFilterAsync()
   at Microsoft.AspNetCore.Mvc.Internal.ResourceInvoker.InvokeNextExceptionFilterAsync()
ClientConnectionId:27ed4ff0-d394-4534-b892-bda5543c1322
Error Number:207,State:1,Class:16
